<?xml version="1.0" encoding="UTF-8"?>
<!-- Generated by org.testng.reporters.JUnitReportReporter -->
<testsuite hostname="DESKTOP-G796IDM" failures="0" tests="2" name="paramiterization.DataProviderExample" time="26.791" errors="0" timestamp="2024-12-15T14:21:13 IST" skipped="0">
  <testcase classname="paramiterization.DataProviderExample" name="VerifyGoodCourseFun" time="9.867"/>
  <testcase classname="paramiterization.DataProviderExample" name="VerifyGoodCourseFun" time="16.924"/>
</testsuite> <!-- paramiterization.DataProviderExample -->
