<?xml version="1.0" encoding="UTF-8"?>
<!-- Generated by org.testng.reporters.JUnitReportReporter -->
<testsuite hostname="DESKTOP-G796IDM" failures="0" tests="3" name="testng.BeforeMethodExample" time="0.010" errors="0" timestamp="2024-12-15T15:21:05 IST" skipped="0">
  <testcase classname="testng.BeforeMethodExample" name="test_1" time="0.007"/>
  <testcase classname="testng.BeforeMethodExample" name="test_2" time="0.001"/>
  <testcase classname="testng.BeforeMethodExample" name="test_3" time="0.002"/>
</testsuite> <!-- testng.BeforeMethodExample -->
